inventario_v6.0.html:2142 📦 Cargando módulos...
rightclick.js:25 allow right click processing http://127.0.0.1:5500/v6.0/inventario_v6.0.html
core.js:5756 === INVENTARIO PRO - INICIANDO ===
core.js:5757 Versin: 2.0
inventario_v6.0.html:2148 ✅ Módulos cargados correctamente
inventario_v6.0.html:2149   - storage.js: OK
inventario_v6.0.html:2150   - core.js: OK
inventario_v6.0.html:2151   - mapa.js: OK
core.js:1394 - Opciones cargadas desde localStorage
core.js:197   Dispositivo: PC
core.js:198   Modo de almacenamiento: FILESYSTEM
core.js:199   File System API: - Disponible
inventario_v6.0.html:2161 ✅ Instancia global window.app creada: InventarioCompleto {ubicacionesActuales: Array(0), repuestos: Array(0), conteoData: {…}, conteoActivo: false, currentView: 'cards', …}
inventario_v6.0.html:2167 📦 Iniciando aplicación...
inventario_v6.0.html:2170 🔄 Intentando restaurar carpeta FileSystem...
storage.js:210 - Carpeta "imagenes" accesible: FileSystemDirectoryHandle {kind: 'directory', name: 'imagenes'}
storage.js:216      Encontrado: mapas
storage.js:216      Encontrado: 1761249794280_3300105501_PARADA_EMERGENCIA_CON_CAJA_foto2.webp
storage.js:216      Encontrado: ADAPTADOR PUNTA DADO 8MM.webp
storage.js:219      Total de archivos en carpeta imagenes: 52
storage.js:89 - Sesin FileSystem restaurada automticamente: INVENTARIO_STORAGE
inventario_v6.0.html:2174 ✅ Carpeta FileSystem restaurada automáticamente
inventario_v6.0.html:2181 🗺️ Inicializando mapController...
mapa.js:547 [Violation] Added non-passive event listener to a scroll-blocking 'wheel' event. Consider marking event handler as 'passive' to make the page more responsive. See https://www.chromestatus.com/feature/5745543795965952
registerCanvasEvents @ mapa.js:547
bindEvents @ mapa.js:100
init @ mapa.js:62
init @ inventario_v6.0.html:2182
await in init
(anonymous) @ inventario_v6.0.html:2194
core.js:253 - Microsoft Edge detectado - Experiencia optimizada
core.js:3485 - Modo FileSystem activo, intentando cargar desde archivo...
core.js:3492 - Cargados 57 repuestos desde FileSystem
core.js:3508   [DIAGNSTICO] Repuestos CON imgenes: 45
core.js:3509   [DIAGNSTICO] Repuestos SIN imgenes: 12
core.js:868  Elemento sanitize-status no encontrado
sanitizeImageReferences @ core.js:868
loadData @ core.js:3512
await in loadData
init @ core.js:3211
init @ inventario_v6.0.html:2186
await in init
(anonymous) @ inventario_v6.0.html:2194
core.js:3357   Inputs de foto configurados para PC (Galera)
core.js:5476 Modo de vista: auto
core.js:720  - Error cargando imagen desde FileSystem: ./imagenes/PARADA EMERGENCIA.webp
loadImageFromFileSystem @ core.js:720
getImageUrl @ core.js:602
getFirstImage @ core.js:741
(anonymous) @ core.js:5210
renderCards @ core.js:5208
renderInventario @ core.js:5118
render @ core.js:5063
init @ core.js:3217
await in init
init @ inventario_v6.0.html:2186
await in init
(anonymous) @ inventario_v6.0.html:2194
core.js:721     Ruta original: PARADA EMERGENCIA.webp
loadImageFromFileSystem @ core.js:721
getImageUrl @ core.js:602
getFirstImage @ core.js:741
(anonymous) @ core.js:5210
renderCards @ core.js:5208
renderInventario @ core.js:5118
render @ core.js:5063
init @ core.js:3217
await in init
init @ inventario_v6.0.html:2186
await in init
(anonymous) @ inventario_v6.0.html:2194
core.js:722     Error: ReferenceError - getCachedBlobUrl is not defined
loadImageFromFileSystem @ core.js:722
getImageUrl @ core.js:602
getFirstImage @ core.js:741
(anonymous) @ core.js:5210
renderCards @ core.js:5208
renderInventario @ core.js:5118
render @ core.js:5063
init @ core.js:3217
await in init
init @ inventario_v6.0.html:2186
await in init
(anonymous) @ inventario_v6.0.html:2194
core.js:720  - Error cargando imagen desde FileSystem: ./imagenes/PERNO HEX M8X60 INOX.webp
loadImageFromFileSystem @ core.js:720
getImageUrl @ core.js:602
getFirstImage @ core.js:741
(anonymous) @ core.js:5210
renderCards @ core.js:5208
renderInventario @ core.js:5118
render @ core.js:5063
init @ core.js:3217
await in init
init @ inventario_v6.0.html:2186
await in init
(anonymous) @ inventario_v6.0.html:2194
core.js:721     Ruta original: PERNO HEX M8X60 INOX.webp
loadImageFromFileSystem @ core.js:721
getImageUrl @ core.js:602
getFirstImage @ core.js:741
(anonymous) @ core.js:5210
renderCards @ core.js:5208
renderInventario @ core.js:5118
render @ core.js:5063
init @ core.js:3217
await in init
init @ inventario_v6.0.html:2186
await in init
(anonymous) @ inventario_v6.0.html:2194
core.js:722     Error: ReferenceError - getCachedBlobUrl is not defined
loadImageFromFileSystem @ core.js:722
getImageUrl @ core.js:602
getFirstImage @ core.js:741
(anonymous) @ core.js:5210
renderCards @ core.js:5208
renderInventario @ core.js:5118
render @ core.js:5063
init @ core.js:3217
await in init
init @ inventario_v6.0.html:2186
await in init
(anonymous) @ inventario_v6.0.html:2194
core.js:720  - Error cargando imagen desde FileSystem: ./imagenes/PLANTA_PRINCIPAL__3100003377_PINTURA_SPRAY_BLANCO_1760198227939_2.webp
loadImageFromFileSystem @ core.js:720
getImageUrl @ core.js:602
getFirstImage @ core.js:741
(anonymous) @ core.js:5210
renderCards @ core.js:5208
renderInventario @ core.js:5118
render @ core.js:5063
init @ core.js:3217
await in init
init @ inventario_v6.0.html:2186
await in init
(anonymous) @ inventario_v6.0.html:2194
core.js:721     Ruta original: PLANTA_PRINCIPAL__3100003377_PINTURA_SPRAY_BLANCO_1760198227939_2.webp
loadImageFromFileSystem @ core.js:721
getImageUrl @ core.js:602
getFirstImage @ core.js:741
(anonymous) @ core.js:5210
renderCards @ core.js:5208
renderInventario @ core.js:5118
render @ core.js:5063
init @ core.js:3217
await in init
init @ inventario_v6.0.html:2186
await in init
(anonymous) @ inventario_v6.0.html:2194
core.js:722     Error: ReferenceError - getCachedBlobUrl is not defined
loadImageFromFileSystem @ core.js:722
getImageUrl @ core.js:602
getFirstImage @ core.js:741
(anonymous) @ core.js:5210
renderCards @ core.js:5208
renderInventario @ core.js:5118
render @ core.js:5063
init @ core.js:3217
await in init
init @ inventario_v6.0.html:2186
await in init
(anonymous) @ inventario_v6.0.html:2194
core.js:720  - Error cargando imagen desde FileSystem: ./imagenes/DESOXIDANTE WURTH.webp
loadImageFromFileSystem @ core.js:720
getImageUrl @ core.js:602
getFirstImage @ core.js:741
(anonymous) @ core.js:5210
renderCards @ core.js:5208
renderInventario @ core.js:5118
render @ core.js:5063
init @ core.js:3217
await in init
init @ inventario_v6.0.html:2186
await in init
(anonymous) @ inventario_v6.0.html:2194
core.js:721     Ruta original: DESOXIDANTE WURTH.webp
loadImageFromFileSystem @ core.js:721
getImageUrl @ core.js:602
getFirstImage @ core.js:741
(anonymous) @ core.js:5210
renderCards @ core.js:5208
renderInventario @ core.js:5118
render @ core.js:5063
init @ core.js:3217
await in init
init @ inventario_v6.0.html:2186
await in init
(anonymous) @ inventario_v6.0.html:2194
core.js:722     Error: ReferenceError - getCachedBlobUrl is not defined
loadImageFromFileSystem @ core.js:722
getImageUrl @ core.js:602
getFirstImage @ core.js:741
(anonymous) @ core.js:5210
renderCards @ core.js:5208
renderInventario @ core.js:5118
render @ core.js:5063
init @ core.js:3217
await in init
init @ inventario_v6.0.html:2186
await in init
(anonymous) @ inventario_v6.0.html:2194
core.js:720  - Error cargando imagen desde FileSystem: ./imagenes/PLANTA_PRINCIPAL__PIPING_32_MM__3300105873_VALVULA_BOLA_PVC_HIDRAULICO_32MM_1760288510033.webp
loadImageFromFileSystem @ core.js:720
getImageUrl @ core.js:602
getFirstImage @ core.js:741
(anonymous) @ core.js:5210
renderCards @ core.js:5208
renderInventario @ core.js:5118
render @ core.js:5063
init @ core.js:3217
await in init
init @ inventario_v6.0.html:2186
await in init
(anonymous) @ inventario_v6.0.html:2194
core.js:721     Ruta original: PLANTA_PRINCIPAL__PIPING_32_MM__3300105873_VALVULA_BOLA_PVC_HIDRAULICO_32MM_1760288510033.webp
loadImageFromFileSystem @ core.js:721
getImageUrl @ core.js:602
getFirstImage @ core.js:741
(anonymous) @ core.js:5210
renderCards @ core.js:5208
renderInventario @ core.js:5118
render @ core.js:5063
init @ core.js:3217
await in init
init @ inventario_v6.0.html:2186
await in init
(anonymous) @ inventario_v6.0.html:2194
core.js:722     Error: ReferenceError - getCachedBlobUrl is not defined
loadImageFromFileSystem @ core.js:722
getImageUrl @ core.js:602
getFirstImage @ core.js:741
(anonymous) @ core.js:5210
renderCards @ core.js:5208
renderInventario @ core.js:5118
render @ core.js:5063
init @ core.js:3217
await in init
init @ inventario_v6.0.html:2186
await in init
(anonymous) @ inventario_v6.0.html:2194
core.js:720  - Error cargando imagen desde FileSystem: ./imagenes/PLANTA_PRINCIPAL__3100028363_BEL_RAY_NO_TOX_FOOD_GRADE_WATERPROOF_GRA_1760199418785.webp
loadImageFromFileSystem @ core.js:720
getImageUrl @ core.js:602
getFirstImage @ core.js:741
(anonymous) @ core.js:5210
renderCards @ core.js:5208
renderInventario @ core.js:5118
render @ core.js:5063
init @ core.js:3217
await in init
init @ inventario_v6.0.html:2186
await in init
(anonymous) @ inventario_v6.0.html:2194
core.js:721     Ruta original: PLANTA_PRINCIPAL__3100028363_BEL_RAY_NO_TOX_FOOD_GRADE_WATERPROOF_GRA_1760199418785.webp
loadImageFromFileSystem @ core.js:721
getImageUrl @ core.js:602
getFirstImage @ core.js:741
(anonymous) @ core.js:5210
renderCards @ core.js:5208
renderInventario @ core.js:5118
render @ core.js:5063
init @ core.js:3217
await in init
init @ inventario_v6.0.html:2186
await in init
(anonymous) @ inventario_v6.0.html:2194
core.js:722     Error: ReferenceError - getCachedBlobUrl is not defined
loadImageFromFileSystem @ core.js:722
getImageUrl @ core.js:602
getFirstImage @ core.js:741
(anonymous) @ core.js:5210
renderCards @ core.js:5208
renderInventario @ core.js:5118
render @ core.js:5063
init @ core.js:3217
await in init
init @ inventario_v6.0.html:2186
await in init
(anonymous) @ inventario_v6.0.html:2194
core.js:720  - Error cargando imagen desde FileSystem: ./imagenes/EQUIPO ESTANCO FLUORECENTE 2X18W.webp
loadImageFromFileSystem @ core.js:720
getImageUrl @ core.js:602
getFirstImage @ core.js:741
(anonymous) @ core.js:5210
renderCards @ core.js:5208
renderInventario @ core.js:5118
render @ core.js:5063
init @ core.js:3217
await in init
init @ inventario_v6.0.html:2186
await in init
(anonymous) @ inventario_v6.0.html:2194
core.js:721     Ruta original: EQUIPO ESTANCO FLUORECENTE 2X18W.webp
loadImageFromFileSystem @ core.js:721
getImageUrl @ core.js:602
getFirstImage @ core.js:741
(anonymous) @ core.js:5210
renderCards @ core.js:5208
renderInventario @ core.js:5118
render @ core.js:5063
init @ core.js:3217
await in init
init @ inventario_v6.0.html:2186
await in init
(anonymous) @ inventario_v6.0.html:2194
core.js:722     Error: ReferenceError - getCachedBlobUrl is not defined
loadImageFromFileSystem @ core.js:722
getImageUrl @ core.js:602
getFirstImage @ core.js:741
(anonymous) @ core.js:5210
renderCards @ core.js:5208
renderInventario @ core.js:5118
render @ core.js:5063
init @ core.js:3217
await in init
init @ inventario_v6.0.html:2186
await in init
(anonymous) @ inventario_v6.0.html:2194
core.js:720  - Error cargando imagen desde FileSystem: ./imagenes/DIFERENCIAL 2P 230V 30MA.webp
loadImageFromFileSystem @ core.js:720
getImageUrl @ core.js:602
getFirstImage @ core.js:741
(anonymous) @ core.js:5210
renderCards @ core.js:5208
renderInventario @ core.js:5118
render @ core.js:5063
init @ core.js:3217
await in init
init @ inventario_v6.0.html:2186
await in init
(anonymous) @ inventario_v6.0.html:2194
core.js:721     Ruta original: DIFERENCIAL 2P 230V 30MA.webp
loadImageFromFileSystem @ core.js:721
getImageUrl @ core.js:602
getFirstImage @ core.js:741
(anonymous) @ core.js:5210
renderCards @ core.js:5208
renderInventario @ core.js:5118
render @ core.js:5063
init @ core.js:3217
await in init
init @ inventario_v6.0.html:2186
await in init
(anonymous) @ inventario_v6.0.html:2194
core.js:722     Error: ReferenceError - getCachedBlobUrl is not defined
loadImageFromFileSystem @ core.js:722
getImageUrl @ core.js:602
getFirstImage @ core.js:741
(anonymous) @ core.js:5210
renderCards @ core.js:5208
renderInventario @ core.js:5118
render @ core.js:5063
init @ core.js:3217
await in init
init @ inventario_v6.0.html:2186
await in init
(anonymous) @ inventario_v6.0.html:2194
core.js:720  - Error cargando imagen desde FileSystem: ./imagenes/CAJA HIDROBOX 3 MODULOS.webp
loadImageFromFileSystem @ core.js:720
getImageUrl @ core.js:602
getFirstImage @ core.js:741
(anonymous) @ core.js:5210
renderCards @ core.js:5208
renderInventario @ core.js:5118
render @ core.js:5063
init @ core.js:3217
await in init
init @ inventario_v6.0.html:2186
await in init
(anonymous) @ inventario_v6.0.html:2194
core.js:721     Ruta original: CAJA HIDROBOX 3 MODULOS.webp
loadImageFromFileSystem @ core.js:721
getImageUrl @ core.js:602
getFirstImage @ core.js:741
(anonymous) @ core.js:5210
renderCards @ core.js:5208
renderInventario @ core.js:5118
render @ core.js:5063
init @ core.js:3217
await in init
init @ inventario_v6.0.html:2186
await in init
(anonymous) @ inventario_v6.0.html:2194
core.js:722     Error: ReferenceError - getCachedBlobUrl is not defined
loadImageFromFileSystem @ core.js:722
getImageUrl @ core.js:602
getFirstImage @ core.js:741
(anonymous) @ core.js:5210
renderCards @ core.js:5208
renderInventario @ core.js:5118
render @ core.js:5063
init @ core.js:3217
await in init
init @ inventario_v6.0.html:2186
await in init
(anonymous) @ inventario_v6.0.html:2194
core.js:720  - Error cargando imagen desde FileSystem: ./imagenes/ADAPTADOR PUNTA DADO 8MM.webp
loadImageFromFileSystem @ core.js:720
getImageUrl @ core.js:602
getFirstImage @ core.js:741
(anonymous) @ core.js:5210
renderCards @ core.js:5208
renderInventario @ core.js:5118
render @ core.js:5063
init @ core.js:3217
await in init
init @ inventario_v6.0.html:2186
await in init
(anonymous) @ inventario_v6.0.html:2194
core.js:721     Ruta original: ADAPTADOR PUNTA DADO 8MM.webp
loadImageFromFileSystem @ core.js:721
getImageUrl @ core.js:602
getFirstImage @ core.js:741
(anonymous) @ core.js:5210
renderCards @ core.js:5208
renderInventario @ core.js:5118
render @ core.js:5063
init @ core.js:3217
await in init
init @ inventario_v6.0.html:2186
await in init
(anonymous) @ inventario_v6.0.html:2194
core.js:722     Error: ReferenceError - getCachedBlobUrl is not defined
loadImageFromFileSystem @ core.js:722
getImageUrl @ core.js:602
getFirstImage @ core.js:741
(anonymous) @ core.js:5210
renderCards @ core.js:5208
renderInventario @ core.js:5118
render @ core.js:5063
init @ core.js:3217
await in init
init @ inventario_v6.0.html:2186
await in init
(anonymous) @ inventario_v6.0.html:2194
core.js:720  - Error cargando imagen desde FileSystem: ./imagenes/TORNILLO VOLCANITA 6X1.webp
loadImageFromFileSystem @ core.js:720
getImageUrl @ core.js:602
getFirstImage @ core.js:741
(anonymous) @ core.js:5210
renderCards @ core.js:5208
renderInventario @ core.js:5118
render @ core.js:5063
init @ core.js:3217
await in init
init @ inventario_v6.0.html:2186
await in init
(anonymous) @ inventario_v6.0.html:2194
core.js:721     Ruta original: TORNILLO VOLCANITA 6X1.webp
loadImageFromFileSystem @ core.js:721
getImageUrl @ core.js:602
getFirstImage @ core.js:741
(anonymous) @ core.js:5210
renderCards @ core.js:5208
renderInventario @ core.js:5118
render @ core.js:5063
init @ core.js:3217
await in init
init @ inventario_v6.0.html:2186
await in init
(anonymous) @ inventario_v6.0.html:2194
core.js:722     Error: ReferenceError - getCachedBlobUrl is not defined
loadImageFromFileSystem @ core.js:722
getImageUrl @ core.js:602
getFirstImage @ core.js:741
(anonymous) @ core.js:5210
renderCards @ core.js:5208
renderInventario @ core.js:5118
render @ core.js:5063
init @ core.js:3217
await in init
init @ inventario_v6.0.html:2186
await in init
(anonymous) @ inventario_v6.0.html:2194
core.js:720  - Error cargando imagen desde FileSystem: ./imagenes/TORNILLO AUTOPERFORANTE C GOLILLA 516X3.webp
loadImageFromFileSystem @ core.js:720
getImageUrl @ core.js:602
getFirstImage @ core.js:741
(anonymous) @ core.js:5210
renderCards @ core.js:5208
renderInventario @ core.js:5118
render @ core.js:5063
init @ core.js:3217
await in init
init @ inventario_v6.0.html:2186
await in init
(anonymous) @ inventario_v6.0.html:2194
core.js:721     Ruta original: TORNILLO AUTOPERFORANTE C GOLILLA 516X3.webp
loadImageFromFileSystem @ core.js:721
getImageUrl @ core.js:602
getFirstImage @ core.js:741
(anonymous) @ core.js:5210
renderCards @ core.js:5208
renderInventario @ core.js:5118
render @ core.js:5063
init @ core.js:3217
await in init
init @ inventario_v6.0.html:2186
await in init
(anonymous) @ inventario_v6.0.html:2194
core.js:722     Error: ReferenceError - getCachedBlobUrl is not defined
loadImageFromFileSystem @ core.js:722
getImageUrl @ core.js:602
getFirstImage @ core.js:741
(anonymous) @ core.js:5210
renderCards @ core.js:5208
renderInventario @ core.js:5118
render @ core.js:5063
init @ core.js:3217
await in init
init @ inventario_v6.0.html:2186
await in init
(anonymous) @ inventario_v6.0.html:2194
core.js:720  - Error cargando imagen desde FileSystem: ./imagenes/MODULOS ENCHUFE 10-16 A .webp
loadImageFromFileSystem @ core.js:720
getImageUrl @ core.js:602
getFirstImage @ core.js:741
(anonymous) @ core.js:5210
renderCards @ core.js:5208
renderInventario @ core.js:5118
render @ core.js:5063
init @ core.js:3217
await in init
init @ inventario_v6.0.html:2186
await in init
(anonymous) @ inventario_v6.0.html:2194
core.js:721     Ruta original: MODULOS ENCHUFE 10-16 A .webp
loadImageFromFileSystem @ core.js:721
getImageUrl @ core.js:602
getFirstImage @ core.js:741
(anonymous) @ core.js:5210
renderCards @ core.js:5208
renderInventario @ core.js:5118
render @ core.js:5063
init @ core.js:3217
await in init
init @ inventario_v6.0.html:2186
await in init
(anonymous) @ inventario_v6.0.html:2194
core.js:722     Error: ReferenceError - getCachedBlobUrl is not defined
loadImageFromFileSystem @ core.js:722
getImageUrl @ core.js:602
getFirstImage @ core.js:741
(anonymous) @ core.js:5210
renderCards @ core.js:5208
renderInventario @ core.js:5118
render @ core.js:5063
init @ core.js:3217
await in init
init @ inventario_v6.0.html:2186
await in init
(anonymous) @ inventario_v6.0.html:2194
core.js:3247 
============================================================
core.js:3248   PLATAFORMA: PC
core.js:3249   ALMACENAMIENTO: FILESYSTEM
core.js:3250   File System API: - Disponible
core.js:3262   NAVEGADOR: Microsoft Edge (Optimizado)
core.js:3263   Optimizaciones activadas:
core.js:3264   - CSS Grid avanzado
core.js:3265   - Backdrop filters
core.js:3266   - Container queries
core.js:3267   - Scroll snap
core.js:3269   - File System Access API completa
core.js:3275 ============================================================

inventario_v6.0.html:2188 ✅ Aplicación v6.0 lista con módulos originales
mapa.js:297 [Violation] 'load' handler took 175ms
core.js:3797  Uncaught TypeError: configuracion.renderStorageUI is not a function
    at InventarioCompleto.switchTab (core.js:3797:23)
    at HTMLButtonElement.<anonymous> (core.js:3723:48)
switchTab @ core.js:3797
(anonymous) @ core.js:3723
core.js:3615 🗂️ Activando FileSystem Access API...
storage.js:145   Carpeta seleccionada por usuario: INVENTARIO_STORAGE
storage.js:165 - INVENTARIO_STORAGE seleccionada directamente
storage.js:210 - Carpeta "imagenes" accesible: FileSystemDirectoryHandle {kind: 'directory', name: 'imagenes'}
storage.js:216      Encontrado: mapas
storage.js:216      Encontrado: 1761249794280_3300105501_PARADA_EMERGENCIA_CON_CAJA_foto2.webp
storage.js:216      Encontrado: ABRAZADERA CREMALLERA.webp
storage.js:219      Total de archivos en carpeta imagenes: 52
storage.js:189 - Sistema configurado con carpeta: INVENTARIO_STORAGE
core.js:3623 ✅ FileSystem conectado: INVENTARIO_STORAGE
core.js:3626 🔄 Recargando datos desde FileSystem...
core.js:3485 - Modo FileSystem activo, intentando cargar desde archivo...
core.js:3492 - Cargados 57 repuestos desde FileSystem
core.js:3508   [DIAGNSTICO] Repuestos CON imgenes: 45
core.js:3509   [DIAGNSTICO] Repuestos SIN imgenes: 12
core.js:868  Elemento sanitize-status no encontrado
sanitizeImageReferences @ core.js:868
loadData @ core.js:3512
await in loadData
activarFileSystem @ core.js:3627
await in activarFileSystem
onclick @ inventario_v6.0.html:1950
