inventario_v6.0.html:1571 📦 Cargando módulos...
rightclick.js:25 allow right click processing http://127.0.0.1:5500/v6.0/inventario_v6.0.html
core.js:5189 === INVENTARIO PRO - INICIANDO ===
core.js:5190 Versin: 2.0
inventario_v6.0.html:1577 ✅ Módulos cargados correctamente
inventario_v6.0.html:1578   - storage.js: OK
inventario_v6.0.html:1579   - core.js: OK
inventario_v6.0.html:1580   - mapa.js: OK
core.js:1394 - Opciones cargadas desde localStorage
core.js:197   Dispositivo: PC
core.js:198   Modo de almacenamiento: FILESYSTEM
core.js:199   File System API: - Disponible
inventario_v6.0.html:1590 ✅ Instancia global window.app creada: InventarioCompleto {ubicacionesActuales: Array(0), repuestos: Array(0), conteoData: {…}, conteoActivo: false, currentView: 'cards', …}
inventario_v6.0.html:1596 📦 Iniciando aplicación...
core.js:253 - Microsoft Edge detectado - Experiencia optimizada
core.js:3237 Cargando 39 repuestos desde localStorage
core.js:3258 - 39 repuestos cargados correctamente
core.js:868  Elemento sanitize-status no encontrado
sanitizeImageReferences @ core.js:868
loadData @ core.js:3272
init @ core.js:2886
init @ inventario_v6.0.html:1599
(anonymous) @ inventario_v6.0.html:1607
core.js:3032   Inputs de foto configurados para PC (Galera)
core.js:4909 Modo de vista: auto
core.js:2922 
============================================================
core.js:2923   PLATAFORMA: PC
core.js:2924   ALMACENAMIENTO: FILESYSTEM
core.js:2925   File System API: - Disponible
core.js:2937   NAVEGADOR: Microsoft Edge (Optimizado)
core.js:2938   Optimizaciones activadas:
core.js:2939   - CSS Grid avanzado
core.js:2940   - Backdrop filters
core.js:2941   - Container queries
core.js:2942   - Scroll snap
core.js:2944   - File System Access API completa
core.js:2950 ============================================================

inventario_v6.0.html:1601 ✅ Aplicación v6.0 lista con módulos originales
core.js:2881  Uncaught TypeError: configuracion.renderStorageUI is not a function
    at core.js:2881:23
(anonymous) @ core.js:2881
setTimeout
init @ core.js:2880
init @ inventario_v6.0.html:1599
(anonymous) @ inventario_v6.0.html:1607
